Mon, 31 Jan 2022 10:34:12 GMT | ERROR  | HTTP 404: ask for:  http://localhost:3000/
Tue, 08 Feb 2022 10:17:28 GMT | ERROR  | HTTP 404: ask for:  http://localhost:3000/
Tue, 08 Feb 2022 10:17:29 GMT | ERROR  | HTTP 404: ask for:  http://localhost:3000/favicon.ico
Tue, 08 Feb 2022 10:17:58 GMT | ERROR  | HTTP 404: ask for:  http://localhost:3000/
Tue, 08 Feb 2022 10:25:20 GMT | ERROR  | HTTP 404: ask for:  http://localhost:3000/todo
Tue, 08 Feb 2022 10:25:39 GMT | ERROR  | HTTP 404: ask for:  http://localhost:3000/todo
Tue, 08 Feb 2022 10:36:56 GMT | ERROR  | HTTP 404: ask for:  http://localhost:3000/
Tue, 08 Feb 2022 10:36:58 GMT | ERROR  | HTTP 404: ask for:  http://localhost:3000/
Fri, 18 Feb 2022 08:06:18 GMT | ERROR  | HTTP 404: ask for:  http://localhost:3000/
Fri, 18 Feb 2022 08:06:18 GMT | ERROR  | HTTP 404: ask for:  http://localhost:3000/favicon.ico
Fri, 18 Feb 2022 08:06:28 GMT | ERROR  | HTTP 404: ask for:  http://localhost:3000/todo?id=62024cf2f5b4b4314064d68f
Fri, 18 Feb 2022 08:08:07 GMT | ERROR  | HTTP 404: ask for:  http://localhost:3000/
Fri, 18 Feb 2022 08:08:30 GMT | ERROR  | HTTP 404: ask for:  http://localhost:3000/
Fri, 18 Feb 2022 08:08:31 GMT | ERROR  | HTTP 404: ask for:  http://localhost:3000/
Fri, 18 Feb 2022 08:08:32 GMT | ERROR  | HTTP 404: ask for:  http://localhost:3000/
Fri, 18 Feb 2022 08:08:34 GMT | ERROR  | HTTP 404: ask for:  http://localhost:3000/
Fri, 18 Feb 2022 08:08:35 GMT | ERROR  | HTTP 404: ask for:  http://localhost:3000/
Fri, 18 Feb 2022 08:08:49 GMT | ERROR  | HTTP 404: ask for:  http://localhost:3000/todo
Fri, 18 Feb 2022 08:09:38 GMT | ERROR  | HTTP 404: ask for:  http://localhost:3000/todos
Fri, 18 Feb 2022 08:11:44 GMT | ERROR  | HTTP 404: ask for:  http://localhost:3000/todos
Fri, 18 Feb 2022 08:11:46 GMT | ERROR  | HTTP 404: ask for:  http://localhost:3000/todo
Fri, 18 Feb 2022 08:11:54 GMT | ERROR  | HTTP 404: ask for:  http://localhost:3000/update
Fri, 18 Feb 2022 08:11:58 GMT | ERROR  | HTTP 404: ask for:  http://localhost:3000/
Fri, 18 Feb 2022 08:12:56 GMT | ERROR  | HTTP 404: ask for:  http://localhost:3000/todo?id=62024cf2f5b4b4314064d68f
Fri, 18 Feb 2022 08:13:14 GMT | ERROR  | HTTP 404: ask for:  http://localhost:3000/todos
Fri, 18 Feb 2022 08:13:33 GMT | ERROR  | HTTP 404: ask for:  http://localhost:3000/todos
Fri, 18 Feb 2022 08:59:08 GMT | ERROR  | HTTP 404: ask for:  http://localhost:3000/api/v1/boutique
Fri, 18 Feb 2022 08:59:19 GMT | ERROR  | HTTP 404: ask for:  http://localhost:3000/api/v1/Boutique
Fri, 18 Feb 2022 09:00:10 GMT | ERROR  | HTTP 404: ask for:  http://localhost:3000/api/v1/Boutique
Fri, 18 Feb 2022 09:00:12 GMT | ERROR  | HTTP 404: ask for:  http://localhost:3000/api/v1/Boutique
Fri, 18 Feb 2022 09:00:14 GMT | ERROR  | HTTP 404: ask for:  http://localhost:3000/api/v1/Boutique
Fri, 18 Feb 2022 09:02:25 GMT | ERROR  | HTTP 404: ask for:  http://localhost:3000/api/v1/Boutique
Fri, 18 Feb 2022 09:04:11 GMT | ERROR  | HTTP 404: ask for:  http://localhost:3000/api/v1/Produit
Fri, 18 Feb 2022 09:09:05 GMT | ERROR  | HTTP 404: ask for:  http://localhost:3000/api/v1/Produit
Thu, 10 Mar 2022 08:58:48 GMT | ERROR  | HTTP 404: ask for:  http://localhost:3000/
Thu, 10 Mar 2022 08:58:49 GMT | ERROR  | HTTP 404: ask for:  http://localhost:3000/favicon.ico
Thu, 10 Mar 2022 08:58:56 GMT | ERROR  | HTTP 404: ask for:  http://localhost:3000/Boutique
Thu, 10 Mar 2022 08:58:58 GMT | ERROR  | HTTP 404: ask for:  http://localhost:3000/Boutiques
Thu, 10 Mar 2022 09:00:00 GMT | ERROR  | HTTP 404: ask for:  http://localhost:3000/api/v1/Categorie
Thu, 10 Mar 2022 09:00:05 GMT | ERROR  | HTTP 404: ask for:  http://localhost:3000/api/v1/Categorie
Thu, 10 Mar 2022 09:00:10 GMT | ERROR  | HTTP 404: ask for:  http://localhost:3000/api/v1/Boutique
Thu, 10 Mar 2022 09:21:07 GMT | ERROR  | HTTP 404: ask for:  http://localhost:3000/api/v1/Boutique
Thu, 10 Mar 2022 09:22:27 GMT | ERROR  | HTTP 404: ask for:  http://localhost:3000/api/v1/Categorie
Thu, 10 Mar 2022 09:31:40 GMT | ERROR  | HTTP 404: ask for:  http://localhost:3000/api/v1/Produits/
Thu, 10 Mar 2022 09:31:44 GMT | ERROR  | HTTP 404: ask for:  http://localhost:3000/api/v1/Produits/620f619eb38bea0d608b40d5
Thu, 10 Mar 2022 09:31:53 GMT | ERROR  | HTTP 404: ask for:  http://localhost:3000/api/v1/Produits
Thu, 10 Mar 2022 09:32:19 GMT | ERROR  | HTTP 404: ask for:  http://localhost:3000/api/v1/Produits/
Thu, 10 Mar 2022 09:32:25 GMT | ERROR  | HTTP 404: ask for:  http://localhost:3000/api/v1/Produit/
Thu, 10 Mar 2022 09:33:17 GMT | ERROR  | HTTP 404: ask for:  http://localhost:3000/api/v1/Produit
Thu, 10 Mar 2022 10:21:59 GMT | ERROR  | HTTP 404: ask for:  http://localhost:3000/api/v1/Categorie?nom=Multim%C3%A9dia&description=Objets%20connect%C3%A9%20%26%20informatique&boutique=6229d0c7dbffd30af471205d
Thu, 10 Mar 2022 11:03:56 GMT | ERROR  | HTTP 404: ask for:  http://localhost:3000/api/v1/Categorie/6229d0c7dbffd30af471205d
Thu, 10 Mar 2022 11:04:32 GMT | ERROR  | HTTP 404: ask for:  http://localhost:3000/api/v1/Categorie/6229d0c7dbffd30af471205d
Tue, 15 Mar 2022 08:38:50 GMT | ERROR  | HTTP 404: ask for:  http://localhost:3000/api/v1/Categorie
Tue, 15 Mar 2022 08:42:24 GMT | ERROR  | HTTP 404: ask for:  http://localhost:3000/favicon.ico
Tue, 15 Mar 2022 08:50:11 GMT | ERROR  | HTTP 404: ask for:  http://localhost:3000/api/v1/Boutiques/62305011b0196545dd1736dd
Tue, 15 Mar 2022 08:50:40 GMT | ERROR  | HTTP 404: ask for:  http://localhost:3000/api/v1/Boutiques/62305011b0196545dd1736dd
Tue, 15 Mar 2022 10:13:16 GMT | ERROR  | HTTP 404: ask for:  http://localhost:3000/api/v1/Produit/6230661e5850094dcf798ff1
Tue, 15 Mar 2022 10:19:16 GMT | ERROR  | HTTP 404: ask for:  http://localhost:3000/api/v1/Produit/623067935850094dcf798ff9
Tue, 15 Mar 2022 10:20:48 GMT | ERROR  | HTTP 404: ask for:  http://localhost:3000/api/v1/Produit/623067935850094dcf798ff9
Mon, 04 Apr 2022 13:52:48 GMT | ERROR  | HTTP 404: ask for:  http://localhost:3000/
Mon, 04 Apr 2022 13:52:48 GMT | ERROR  | HTTP 404: ask for:  http://localhost:3000/favicon.ico
Mon, 04 Apr 2022 13:53:00 GMT | ERROR  | HTTP 404: ask for:  http://localhost:3000/api/v1/
Sat, 09 Apr 2022 14:57:27 GMT | ERROR  | HTTP 404: ask for:  http://localhost:3000/api/v1/Categorie
Sat, 09 Apr 2022 15:48:02 GMT | ERROR  | HTTP 404: ask for:  http://localhost:3000/api/v1/Categorie
