Mon, 31 Jan 2022 10:34:09 GMT | INFO  | Server is running on port: 3000
Tue, 08 Feb 2022 10:14:21 GMT | INFO  | Server is running on port: 3000
Tue, 08 Feb 2022 10:14:21 GMT | INFO  | Connected to database
Tue, 08 Feb 2022 10:36:51 GMT | INFO  | Server is running on port: 3000
Tue, 08 Feb 2022 10:48:51 GMT | INFO  | Server is running on port: 3000
Tue, 08 Feb 2022 10:48:51 GMT | INFO  | Connected to database
Tue, 08 Feb 2022 10:51:29 GMT | INFO  | Server is running on port: 3000
Tue, 08 Feb 2022 10:51:29 GMT | INFO  | Connected to database
Tue, 08 Feb 2022 11:00:32 GMT | INFO  | Server is running on port: 3000
Tue, 08 Feb 2022 11:00:32 GMT | INFO  | Connected to database
Tue, 08 Feb 2022 11:01:06 GMT | INFO  | Server is running on port: 3000
Tue, 08 Feb 2022 11:01:06 GMT | INFO  | Connected to database
Tue, 08 Feb 2022 11:04:54 GMT | INFO  | Server is running on port: 3000
Tue, 08 Feb 2022 11:04:54 GMT | INFO  | Connected to database
Fri, 18 Feb 2022 08:06:09 GMT | INFO  | Server is running on port: 3000
Fri, 18 Feb 2022 08:06:09 GMT | INFO  | Connected to database
Fri, 18 Feb 2022 08:08:01 GMT | INFO  | Server is running on port: 3000
Fri, 18 Feb 2022 08:08:01 GMT | INFO  | Connected to database
Fri, 18 Feb 2022 08:08:27 GMT | INFO  | Server is running on port: 3000
Fri, 18 Feb 2022 08:08:27 GMT | INFO  | Connected to database
Fri, 18 Feb 2022 08:09:33 GMT | INFO  | Server is running on port: 3000
Fri, 18 Feb 2022 08:09:33 GMT | INFO  | Connected to database
Fri, 18 Feb 2022 08:10:17 GMT | INFO  | Server is running on port: 3000
Fri, 18 Feb 2022 08:10:17 GMT | INFO  | Connected to database
Fri, 18 Feb 2022 08:10:42 GMT | INFO  | Server is running on port: 3000
Fri, 18 Feb 2022 08:10:43 GMT | INFO  | Connected to database
Fri, 18 Feb 2022 08:11:05 GMT | INFO  | Server is running on port: 3000
Fri, 18 Feb 2022 08:11:05 GMT | INFO  | Connected to database
Fri, 18 Feb 2022 08:11:42 GMT | INFO  | Server is running on port: 3000
Fri, 18 Feb 2022 08:11:42 GMT | INFO  | Connected to database
Fri, 18 Feb 2022 08:18:20 GMT | INFO  | Server is running on port: 3000
Fri, 18 Feb 2022 08:18:20 GMT | INFO  | Connected to database
Fri, 18 Feb 2022 08:19:22 GMT | INFO  | Server is running on port: 3000
Fri, 18 Feb 2022 08:19:22 GMT | INFO  | Connected to database
Fri, 18 Feb 2022 08:59:05 GMT | INFO  | Server is running on port: 3000
Fri, 18 Feb 2022 08:59:05 GMT | INFO  | Connected to database
Fri, 18 Feb 2022 09:00:10 GMT | INFO  | Server is running on port: 3000
Fri, 18 Feb 2022 09:00:10 GMT | INFO  | Connected to database
Thu, 10 Mar 2022 08:54:26 GMT | INFO  | Server is running on port: 3000
Thu, 10 Mar 2022 08:58:37 GMT | INFO  | Server is running on port: 3000
Thu, 10 Mar 2022 09:00:00 GMT | INFO  | Server is running on port: 3000
Thu, 10 Mar 2022 09:20:32 GMT | INFO  | Server is running on port: 3000
Thu, 10 Mar 2022 09:20:32 GMT | INFO  | Connected to database
Thu, 10 Mar 2022 10:18:27 GMT | INFO  | Server is running on port: 3000
Thu, 10 Mar 2022 10:18:27 GMT | INFO  | Connected to database
Thu, 10 Mar 2022 10:23:45 GMT | INFO  | Server is running on port: 3000
Thu, 10 Mar 2022 10:23:45 GMT | INFO  | Connected to database
Thu, 10 Mar 2022 10:28:57 GMT | INFO  | Server is running on port: 3000
Thu, 10 Mar 2022 10:28:57 GMT | INFO  | Connected to database
Thu, 10 Mar 2022 10:30:47 GMT | INFO  | Server is running on port: 3000
Thu, 10 Mar 2022 10:30:47 GMT | INFO  | Connected to database
Thu, 10 Mar 2022 10:35:49 GMT | INFO  | Server is running on port: 3000
Thu, 10 Mar 2022 10:35:49 GMT | INFO  | Connected to database
Thu, 10 Mar 2022 10:38:15 GMT | INFO  | Server is running on port: 3000
Thu, 10 Mar 2022 10:38:15 GMT | INFO  | Connected to database
Thu, 10 Mar 2022 10:38:52 GMT | INFO  | Server is running on port: 3000
Thu, 10 Mar 2022 10:38:53 GMT | INFO  | Connected to database
Thu, 10 Mar 2022 11:00:38 GMT | INFO  | Server is running on port: 3000
Thu, 10 Mar 2022 11:00:38 GMT | INFO  | Connected to database
Thu, 10 Mar 2022 11:02:06 GMT | INFO  | Server is running on port: 3000
Thu, 10 Mar 2022 11:02:06 GMT | INFO  | Connected to database
Thu, 10 Mar 2022 11:07:29 GMT | INFO  | Server is running on port: 3000
Thu, 10 Mar 2022 11:07:29 GMT | INFO  | Connected to database
